2026-05-17 13:14:39,948 INFO __main__ (re)subscribed; REST reconciliation expected at this point
2026-05-17 16:09:27,380 WARNING __main__ disconnect: heartbeat timeout (silent freeze)
2026-05-17 16:09:27,774 WARNING __main__ disconnect: connection lost: sent 1000 (OK); no close frame received
2026-05-17 16:09:29,438 INFO __main__ (re)subscribed; REST reconciliation expected at this point
2026-05-17 21:16:48,730 WARNING __main__ disconnect: connection lost: no close frame received or sent
2026-05-17 21:16:50,392 INFO __main__ (re)subscribed; REST reconciliation expected at this point
2026-05-17 21:31:50,470 WARNING __main__ disconnect: connection lost: sent 1011 (internal error) keepalive ping timeout; no close frame received
2026-05-17 21:32:01,476 WARNING __main__ disconnect: connection lost: timed out during opening handshake
2026-05-17 21:32:13,483 WARNING __main__ disconnect: connection lost: timed out during opening handshake
2026-05-17 21:32:27,488 WARNING __main__ disconnect: connection lost: timed out during opening handshake
2026-05-17 21:32:45,493 WARNING __main__ disconnect: connection lost: timed out during opening handshake
2026-05-17 21:33:11,499 WARNING __main__ disconnect: connection lost: timed out during opening handshake
2026-05-17 21:33:53,507 WARNING __main__ disconnect: connection lost: timed out during opening handshake
2026-05-17 21:35:03,514 WARNING __main__ disconnect: connection lost: timed out during opening handshake
2026-05-17 21:36:13,523 WARNING __main__ disconnect: connection lost: timed out during opening handshake
2026-05-17 21:37:23,529 WARNING __main__ disconnect: connection lost: timed out during opening handshake
2026-05-17 21:38:33,541 WARNING __main__ disconnect: connection lost: timed out during opening handshake
2026-05-17 21:39:43,549 WARNING __main__ disconnect: connection lost: timed out during opening handshake
2026-05-17 21:40:53,555 WARNING __main__ disconnect: connection lost: timed out during opening handshake
2026-05-17 21:42:03,563 WARNING __main__ disconnect: connection lost: timed out during opening handshake
2026-05-17 21:43:13,571 WARNING __main__ disconnect: connection lost: timed out during opening handshake
2026-05-17 21:44:23,578 WARNING __main__ disconnect: connection lost: timed out during opening handshake
2026-05-17 21:45:33,586 WARNING __main__ disconnect: connection lost: timed out during opening handshake
2026-05-17 21:46:43,594 WARNING __main__ disconnect: connection lost: timed out during opening handshake
2026-05-17 21:47:53,602 WARNING __main__ disconnect: connection lost: timed out during opening handshake
2026-05-17 21:49:03,610 WARNING __main__ disconnect: connection lost: timed out during opening handshake
2026-05-17 21:50:13,615 WARNING __main__ disconnect: connection lost: timed out during opening handshake
2026-05-17 21:51:23,620 WARNING __main__ disconnect: connection lost: timed out during opening handshake
2026-05-17 21:52:33,629 WARNING __main__ disconnect: connection lost: timed out during opening handshake
2026-05-17 21:53:43,635 WARNING __main__ disconnect: connection lost: timed out during opening handshake
2026-05-17 21:54:53,642 WARNING __main__ disconnect: connection lost: timed out during opening handshake
2026-05-17 21:56:03,648 WARNING __main__ disconnect: connection lost: timed out during opening handshake
2026-05-17 21:57:13,654 WARNING __main__ disconnect: connection lost: timed out during opening handshake
2026-05-17 21:58:23,661 WARNING __main__ disconnect: connection lost: timed out during opening handshake
2026-05-17 21:59:33,671 WARNING __main__ disconnect: connection lost: timed out during opening handshake
2026-05-17 22:00:43,677 WARNING __main__ disconnect: connection lost: timed out during opening handshake
2026-05-17 22:01:53,683 WARNING __main__ disconnect: connection lost: timed out during opening handshake
2026-05-17 22:03:03,700 WARNING __main__ disconnect: connection lost: timed out during opening handshake
2026-05-17 22:04:13,705 WARNING __main__ disconnect: connection lost: timed out during opening handshake
2026-05-17 22:05:23,708 WARNING __main__ disconnect: connection lost: timed out during opening handshake
2026-05-17 22:06:33,712 WARNING __main__ disconnect: connection lost: timed out during opening handshake
2026-05-17 22:07:43,716 WARNING __main__ disconnect: connection lost: timed out during opening handshake
2026-05-17 22:08:53,721 WARNING __main__ disconnect: connection lost: timed out during opening handshake
2026-05-17 22:10:03,730 WARNING __main__ disconnect: connection lost: timed out during opening handshake
2026-05-17 22:11:13,735 WARNING __main__ disconnect: connection lost: timed out during opening handshake
2026-05-17 22:12:23,777 WARNING __main__ disconnect: connection lost: timed out during opening handshake
2026-05-17 22:13:33,782 WARNING __main__ disconnect: connection lost: timed out during opening handshake
2026-05-17 22:14:43,787 WARNING __main__ disconnect: connection lost: timed out during opening handshake
2026-05-17 22:15:53,791 WARNING __main__ disconnect: connection lost: timed out during opening handshake
2026-05-17 22:17:03,796 WARNING __main__ disconnect: connection lost: timed out during opening handshake
2026-05-17 22:18:13,801 WARNING __main__ disconnect: connection lost: timed out during opening handshake
2026-05-17 22:19:23,806 WARNING __main__ disconnect: connection lost: timed out during opening handshake
2026-05-17 22:20:33,813 WARNING __main__ disconnect: connection lost: timed out during opening handshake
2026-05-17 22:21:43,819 WARNING __main__ disconnect: connection lost: timed out during opening handshake
2026-05-17 22:22:53,824 WARNING __main__ disconnect: connection lost: timed out during opening handshake
2026-05-17 22:24:03,829 WARNING __main__ disconnect: connection lost: timed out during opening handshake
2026-05-17 22:25:13,838 WARNING __main__ disconnect: connection lost: timed out during opening handshake
2026-05-17 22:26:23,846 WARNING __main__ disconnect: connection lost: timed out during opening handshake
2026-05-17 22:27:33,855 WARNING __main__ disconnect: connection lost: timed out during opening handshake
2026-05-17 22:28:43,860 WARNING __main__ disconnect: connection lost: timed out during opening handshake
2026-05-17 22:29:53,868 WARNING __main__ disconnect: connection lost: timed out during opening handshake
2026-05-17 22:31:03,875 WARNING __main__ disconnect: connection lost: timed out during opening handshake
2026-05-17 22:32:13,881 WARNING __main__ disconnect: connection lost: timed out during opening handshake
2026-05-17 22:33:23,887 WARNING __main__ disconnect: connection lost: timed out during opening handshake
2026-05-17 22:34:33,894 WARNING __main__ disconnect: connection lost: timed out during opening handshake
2026-05-17 22:35:43,907 WARNING __main__ disconnect: connection lost: timed out during opening handshake
2026-05-17 22:36:53,913 WARNING __main__ disconnect: connection lost: timed out during opening handshake
2026-05-17 22:38:03,921 WARNING __main__ disconnect: connection lost: timed out during opening handshake
2026-05-17 22:39:13,926 WARNING __main__ disconnect: connection lost: timed out during opening handshake
2026-05-17 22:40:23,931 WARNING __main__ disconnect: connection lost: timed out during opening handshake
2026-05-17 22:41:33,937 WARNING __main__ disconnect: connection lost: timed out during opening handshake
2026-05-17 22:42:43,944 WARNING __main__ disconnect: connection lost: timed out during opening handshake
2026-05-17 22:43:53,951 WARNING __main__ disconnect: connection lost: timed out during opening handshake
2026-05-17 22:45:03,956 WARNING __main__ disconnect: connection lost: timed out during opening handshake
2026-05-17 22:46:13,961 WARNING __main__ disconnect: connection lost: timed out during opening handshake
2026-05-17 22:47:23,969 WARNING __main__ disconnect: connection lost: timed out during opening handshake
2026-05-17 22:48:33,977 WARNING __main__ disconnect: connection lost: timed out during opening handshake
2026-05-17 22:49:43,985 WARNING __main__ disconnect: connection lost: timed out during opening handshake
2026-05-17 22:50:53,992 WARNING __main__ disconnect: connection lost: timed out during opening handshake
2026-05-17 22:52:03,998 WARNING __main__ disconnect: connection lost: timed out during opening handshake
2026-05-17 22:53:14,007 WARNING __main__ disconnect: connection lost: timed out during opening handshake
2026-05-17 22:54:24,014 WARNING __main__ disconnect: connection lost: timed out during opening handshake
2026-05-17 22:55:34,024 WARNING __main__ disconnect: connection lost: timed out during opening handshake
2026-05-17 22:56:44,034 WARNING __main__ disconnect: connection lost: timed out during opening handshake
2026-05-17 22:57:54,041 WARNING __main__ disconnect: connection lost: timed out during opening handshake
2026-05-17 22:59:04,050 WARNING __main__ disconnect: connection lost: timed out during opening handshake
2026-05-17 23:00:14,064 WARNING __main__ disconnect: connection lost: timed out during opening handshake
2026-05-17 23:01:24,072 WARNING __main__ disconnect: connection lost: timed out during opening handshake
2026-05-17 23:02:34,080 WARNING __main__ disconnect: connection lost: timed out during opening handshake
2026-05-17 23:03:44,085 WARNING __main__ disconnect: connection lost: timed out during opening handshake
2026-05-17 23:04:54,089 WARNING __main__ disconnect: connection lost: timed out during opening handshake
2026-05-17 23:06:04,102 WARNING __main__ disconnect: connection lost: timed out during opening handshake
2026-05-17 23:07:14,108 WARNING __main__ disconnect: connection lost: timed out during opening handshake
2026-05-17 23:08:24,114 WARNING __main__ disconnect: connection lost: timed out during opening handshake
2026-05-17 23:09:34,118 WARNING __main__ disconnect: connection lost: timed out during opening handshake
2026-05-17 23:10:44,125 WARNING __main__ disconnect: connection lost: timed out during opening handshake
2026-05-17 23:11:54,132 WARNING __main__ disconnect: connection lost: timed out during opening handshake
2026-05-17 23:13:04,138 WARNING __main__ disconnect: connection lost: timed out during opening handshake
2026-05-17 23:14:14,144 WARNING __main__ disconnect: connection lost: timed out during opening handshake
2026-05-17 23:15:24,147 WARNING __main__ disconnect: connection lost: timed out during opening handshake
2026-05-17 23:16:34,152 WARNING __main__ disconnect: connection lost: timed out during opening handshake
2026-05-17 23:17:44,162 WARNING __main__ disconnect: connection lost: timed out during opening handshake
2026-05-17 23:18:54,165 WARNING __main__ disconnect: connection lost: timed out during opening handshake
2026-05-17 23:20:04,171 WARNING __main__ disconnect: connection lost: timed out during opening handshake
2026-05-17 23:21:14,177 WARNING __main__ disconnect: connection lost: timed out during opening handshake
2026-05-17 23:22:24,184 WARNING __main__ disconnect: connection lost: timed out during opening handshake
2026-05-17 23:23:34,188 WARNING __main__ disconnect: connection lost: timed out during opening handshake
2026-05-17 23:24:44,197 WARNING __main__ disconnect: connection lost: timed out during opening handshake
2026-05-17 23:25:54,206 WARNING __main__ disconnect: connection lost: timed out during opening handshake
2026-05-17 23:27:04,215 WARNING __main__ disconnect: connection lost: timed out during opening handshake
2026-05-17 23:28:14,221 WARNING __main__ disconnect: connection lost: timed out during opening handshake
2026-05-17 23:29:24,230 WARNING __main__ disconnect: connection lost: timed out during opening handshake
2026-05-17 23:30:34,240 WARNING __main__ disconnect: connection lost: timed out during opening handshake
2026-05-17 23:31:39,493 INFO __main__ (re)subscribed; REST reconciliation expected at this point
2026-05-18 02:06:23,019 WARNING __main__ disconnect: heartbeat timeout (silent freeze)
2026-05-18 02:06:24,792 INFO __main__ (re)subscribed; REST reconciliation expected at this point
